2025/12/29 16:30:41.705533 [INFO] Starting transport (passive mode)...
2025/12/29 16:30:41.708053 [INFO] Listening on [::]:5000
2025/12/29 16:30:43.159498 [INFO] Accepted connection from 127.0.0.1:13772
2025/12/29 16:30:43.187073 [INFO] <<< Recv Select.req (SystemBytes=2130706432) HEX: 00 00 00 0A FF FF 00 00 00 01 7F 00 00 00
2025/12/29 16:30:43.187648 [INFO] >>> Send Select.rsp (SystemBytes=2130706432) HEX: 00 00 00 0A FF FF 00 00 00 02 7F 00 00 00
2025/12/29 16:30:49.876343 [INFO] <<< Recv S1F1(W=true, SysBytes=1)
00 00 00 0A 00 00 81 01 00 00 00 00 00 01
.
2025/12/29 16:30:49.876343 [INFO] >>> Send S1F2(W=false, SysBytes=1)
00 00 00 17 00 00 01 02 00 00 00 00 00 01 01 02 41 04 48 4F 53 54 41 03 31 2E 30
<L[2]
    <A[4] "HOST">
    <A[3] "1.0">
>
2025/12/29 16:30:54.383046 [INFO] <<< Recv S2F15(W=true, SysBytes=2)
00 00 00 14 00 00 82 0F 00 00 00 00 00 02 01 01 01 02 A9 02 00 00 41 00
<L[1]
    <L[2]
        <U2[1] 0>
        <A[0] "">
  >
>
2025/12/29 16:30:54.383046 [INFO] >>> Send S2F16(W=false, SysBytes=2)
00 00 00 0D 00 00 02 10 00 00 00 00 00 02 21 01 00
<B[1] 0x00>
2025/12/29 16:31:54.402490 [INFO] <<< Recv Linktest.req (SystemBytes=2130706433) HEX: 00 00 00 0A FF FF 00 00 00 05 7F 00 00 01
2025/12/29 16:31:54.402490 [INFO] >>> Send Linktest.rsp (SystemBytes=2130706433) HEX: 00 00 00 0A FF FF 00 00 00 06 7F 00 00 01
